[    0.000000] Linux version 4.15.0-115-generic (buildd@lgw01-amd64-037) (gcc version 7.5.0 (Ubuntu 7.5.0-3ubuntu1~18.04)) #116-Ubuntu SMP Wed Aug 26 14:04:49 UTC 2020 (Ubuntu 4.15.0-115.116-generic 4.15.18)
[    0.000000] Command line: BOOT_IMAGE=/boot/vmlinuz-4.15.0-115-generic root=LABEL=cloudimg-rootfs ro console=tty1 console=ttyS0
[    0.000000] KERNEL supported cpus:
[    0.000000]   Intel GenuineIntel
[    0.000000]   AMD AuthenticAMD
[    0.000000]   Centaur CentaurHauls
[    0.000000] x86/fpu: x87 FPU will use FXSAVE
[    0.000000] e820: BIOS-provided physical RAM map:
[    0.000000] BIOS-e820: [mem 0x0000000000000000-0x000000000009fbff] usable
[    0.000000] BIOS-e820: [mem 0x000000000009fc00-0x000000000009ffff] reserved
[    0.000000] BIOS-e820: [mem 0x00000000000f0000-0x00000000000fffff] reserved
[    0.000000] BIOS-e820: [mem 0x0000000000100000-0x000000003ffeffff] usable
[    0.000000] BIOS-e820: [mem 0x000000003fff0000-0x000000003fffffff] ACPI data
[    0.000000] BIOS-e820: [mem 0x00000000fec00000-0x00000000fec00fff] reserved
[    0.000000] BIOS-e820: [mem 0x00000000fee00000-0x00000000fee00fff] reserved
[    0.000000] BIOS-e820: [mem 0x00000000fffc0000-0x00000000ffffffff] reserved
[    0.000000] NX (Execute Disable) protection: active
[    0.000000] SMBIOS 2.5 present.
[    0.000000] DMI: innotek GmbH VirtualBox/VirtualBox, BIOS VirtualBox 12/01/2006
[    0.000000] Hypervisor detected: KVM
[    0.000000] e820: last_pfn = 0x3fff0 max_arch_pfn = 0x400000000
[    0.000000] MTRR: Disabled
[    0.000000] x86/PAT: MTRRs disabled, skipping PAT initialization too.
[    0.000000] CPU MTRRs all blank - virtualized system.
[    0.000000] x86/PAT: Configuration [0-7]: WB  WT  UC- UC  WB  WT  UC- UC  
[    0.000000] found SMP MP-table at [mem 0x0009fff0-0x0009ffff]
[    0.000000] Scanning 1 areas for low memory corruption
[    0.000000] RAMDISK: [mem 0x35a67000-0x36d2afff]
[    0.000000] ACPI: Early table checksum verification disabled
[    0.000000] ACPI: RSDP 0x00000000000E0000 000024 (v02 VBOX  )
[    0.000000] ACPI: XSDT 0x000000003FFF0030 00003C (v01 VBOX   VBOXXSDT 00000001 ASL  00000061)
[    0.000000] ACPI: FACP 0x000000003FFF00F0 0000F4 (v04 VBOX   VBOXFACP 00000001 ASL  00000061)
[    0.000000] ACPI: DSDT 0x000000003FFF0470 002325 (v02 VBOX   VBOXBIOS 00000002 INTL 20100528)
[    0.000000] ACPI: FACS 0x000000003FFF0200 000040
[    0.000000] ACPI: FACS 0x000000003FFF0200 000040
[    0.000000] ACPI: APIC 0x000000003FFF0240 00005C (v02 VBOX   VBOXAPIC 00000001 ASL  00000061)
[    0.000000] ACPI: SSDT 0x000000003FFF02A0 0001CC (v01 VBOX   VBOXCPUT 00000002 INTL 20100528)
[    0.000000] No NUMA configuration found
[    0.000000] Faking a node at [mem 0x0000000000000000-0x000000003ffeffff]
[    0.000000] NODE_DATA(0) allocated [mem 0x3ffc5000-0x3ffeffff]
[    0.000000] kvm-clock: cpu 0, msr 0:3ff44001, primary cpu clock
[    0.000000] kvm-clock: Using msrs 4b564d01 and 4b564d00
[    0.000000] kvm-clock: using sched offset of 8136102921 cycles
[    0.000000] clocksource: kvm-clock: mask: 0xffffffffffffffff max_cycles: 0x1cd42e4dffb, max_idle_ns: 881590591483 ns
[    0.000000] Zone ranges:
[    0.000000]   DMA      [mem 0x0000000000001000-0x0000000000ffffff]
[    0.000000]   DMA32    [mem 0x0000000001000000-0x000000003ffeffff]
[    0.000000]   Normal   empty
[    0.000000]   Device   empty
[    0.000000] Movable zone start for each node
[    0.000000] Early memory node ranges
[    0.000000]   node   0: [mem 0x0000000000001000-0x000000000009efff]
[    0.000000]   node   0: [mem 0x0000000000100000-0x000000003ffeffff]
[    0.000000] Reserved but unavailable: 98 pages
[    0.000000] Initmem setup node 0 [mem 0x0000000000001000-0x000000003ffeffff]
[    0.000000] ACPI: PM-Timer IO Port: 0x4008
[    0.000000] IOAPIC[0]: apic_id 2, version 32, address 0xfec00000, GSI 0-23
[    0.000000] ACPI: INT_SRC_OVR (bus 0 bus_irq 0 global_irq 2 dfl dfl)
[    0.000000] ACPI: INT_SRC_OVR (bus 0 bus_irq 9 global_irq 9 low level)
[    0.000000] Using ACPI (MADT) for SMP configuration information
[    0.000000] smpboot: Allowing 2 CPUs, 0 hotplug CPUs
[    0.000000] PM: Registered nosave memory: [mem 0x00000000-0x00000fff]
[    0.000000] PM: Registered nosave memory: [mem 0x0009f000-0x0009ffff]
[    0.000000] PM: Registered nosave memory: [mem 0x000a0000-0x000effff]
[    0.000000] PM: Registered nosave memory: [mem 0x000f0000-0x000fffff]
[    0.000000] e820: [mem 0x40000000-0xfebfffff] available for PCI devices
[    0.000000] Booting paravirtualized kernel on KVM
[    0.000000] clocksource: refined-jiffies: mask: 0xffffffff max_cycles: 0xffffffff, max_idle_ns: 7645519600211568 ns
[    0.000000] random: get_random_bytes called from start_kernel+0x99/0x500 with crng_init=0
[    0.000000] setup_percpu: NR_CPUS:8192 nr_cpumask_bits:2 nr_cpu_ids:2 nr_node_ids:1
[    0.000000] percpu: Embedded 45 pages/cpu s147456 r8192 d28672 u1048576
[    0.000000] PV qspinlock hash table entries: 256 (order: 0, 4096 bytes)
[    0.000000] Built 1 zonelists, mobility grouping on.  Total pages: 257913
[    0.000000] Policy zone: DMA32
[    0.000000] Kernel command line: BOOT_IMAGE=/boot/vmlinuz-4.15.0-115-generic root=LABEL=cloudimg-rootfs ro console=tty1 console=ttyS0
[    0.000000] Memory: 983032K/1048120K available (12300K kernel code, 2481K rwdata, 4272K rodata, 2436K init, 2724K bss, 65088K reserved, 0K cma-reserved)
[    0.000000] SLUB: HWalign=64, Order=0-3, MinObjects=0, CPUs=2, Nodes=1
[    0.000000] Kernel/User page tables isolation: enabled
[    0.000000] ftrace: allocating 39392 entries in 154 pages
[    0.004000] Hierarchical RCU implementation.
[    0.004000] 	RCU restricting CPUs from NR_CPUS=8192 to nr_cpu_ids=2.
[    0.004000] 	Tasks RCU enabled.
[    0.004000] RCU: Adjusting geometry for rcu_fanout_leaf=16, nr_cpu_ids=2
[    0.004000] NR_IRQS: 524544, nr_irqs: 440, preallocated irqs: 16
[    0.004000] Console: colour VGA+ 80x25
[    0.004000] console [tty1] enabled
[    0.004000] console [ttyS0] enabled
[    0.004000] ACPI: Core revision 20170831
[    0.004000] ACPI: 2 ACPI AML tables successfully acquired and loaded
[    0.004000] APIC: Switch to symmetric I/O mode setup
[    0.004000] ..TIMER: vector=0x30 apic1=0 pin1=2 apic2=-1 pin2=-1
[    0.004010] tsc: Detected 1895.694 MHz processor
[    0.008021] Calibrating delay loop (skipped) preset value.. 3791.38 BogoMIPS (lpj=7582776)
[    0.012011] pid_max: default: 32768 minimum: 301
[    0.016152] Security Framework initialized
[    0.020007] Yama: becoming mindful.
[    0.024189] AppArmor: AppArmor initialized
[    0.044519] Dentry cache hash table entries: 131072 (order: 8, 1048576 bytes)
[    0.052375] Inode-cache hash table entries: 65536 (order: 7, 524288 bytes)
[    0.056172] Mount-cache hash table entries: 2048 (order: 2, 16384 bytes)
[    0.060157] Mountpoint-cache hash table entries: 2048 (order: 2, 16384 bytes)
[    0.070065] Last level iTLB entries: 4KB 512, 2MB 8, 4MB 8
[    0.072009] Last level dTLB entries: 4KB 512, 2MB 32, 4MB 32, 1GB 0
[    0.076009] Spectre V1 : Mitigation: usercopy/swapgs barriers and __user pointer sanitization
[    0.080010] Spectre V2 : Mitigation: Full generic retpoline
[    0.084006] Spectre V2 : Spectre v2 / SpectreRSB mitigation: Filling RSB on context switch
[    0.088008] Speculative Store Bypass: Vulnerable
[    0.092094] MDS: Vulnerable: Clear CPU buffers attempted, no microcode
[    0.096283] Freeing SMP alternatives memory: 36K
[    0.218134] smpboot: CPU0: Intel(R) Core(TM) i3-3227U CPU @ 1.90GHz (family: 0x6, model: 0x3a, stepping: 0x9)
[    0.220999] Performance Events: unsupported p6 CPU model 58 no PMU driver, software events only.
[    0.224218] Hierarchical SRCU implementation.
[    0.229885] NMI watchdog: Perf event create on CPU 0 failed with -2
[    0.236208] NMI watchdog: Perf NMI watchdog permanently disabled
[    0.240800] smp: Bringing up secondary CPUs ...
[    0.249711] x86: Booting SMP configuration:
[    0.252015] .... node  #0, CPUs:      #1
[    0.004000] kvm-clock: cpu 1, msr 0:3ff44041, secondary cpu clock
[    0.271306] TSC synchronization [CPU#0 -> CPU#1]:
[    0.272000] Measured 275991 cycles TSC warp between CPUs, turning off TSC clock.
[    0.272000] tsc: Marking TSC unstable due to check_tsc_sync_source failed
[    0.280711] smp: Brought up 1 node, 2 CPUs
[    0.284017] smpboot: Max logical packages: 1
[    0.288013] smpboot: Total of 2 processors activated (7582.77 BogoMIPS)
[    0.300019] devtmpfs: initialized
[    0.304246] x86/mm: Memory block size: 128MB
[    0.308928] evm: security.selinux
[    0.312006] evm: security.SMACK64
[    0.316006] evm: security.SMACK64EXEC
[    0.320005] evm: security.SMACK64TRANSMUTE
[    0.324005] evm: security.SMACK64MMAP
[    0.328005] evm: security.apparmor
[    0.332006] evm: security.ima
[    0.336007] evm: security.capability
[    0.345115] clocksource: jiffies: mask: 0xffffffff max_cycles: 0xffffffff, max_idle_ns: 7645041785100000 ns
[    0.348020] futex hash table entries: 512 (order: 3, 32768 bytes)
[    0.356599] pinctrl core: initialized pinctrl subsystem
[    0.360696] RTC time:  4:43:34, date: 03/30/21
[    0.373669] NET: Registered protocol family 16
[    0.376258] audit: initializing netlink subsys (disabled)
[    0.380464] audit: type=2000 audit(1617079423.295:1): state=initialized audit_enabled=0 res=1
[    0.408021] cpuidle: using governor ladder
[    0.416011] cpuidle: using governor menu
[    0.420091] ACPI: bus type PCI registered
[    0.424008] acpiphp: ACPI Hot Plug PCI Controller Driver version: 0.5
[    0.432521] PCI: Using configuration type 1 for base access
[    0.448409] HugeTLB registered 2.00 MiB page size, pre-allocated 0 pages
[    0.464268] ACPI: Added _OSI(Module Device)
[    0.468009] ACPI: Added _OSI(Processor Device)
[    0.472010] ACPI: Added _OSI(3.0 _SCP Extensions)
[    0.476007] ACPI: Added _OSI(Processor Aggregator Device)
[    0.480009] ACPI: Added _OSI(Linux-Dell-Video)
[    0.484009] ACPI: Added _OSI(Linux-Lenovo-NV-HDMI-Audio)
[    0.488013] ACPI: Added _OSI(Linux-HPI-Hybrid-Graphics)
[    0.493579] ACPI: Executed 1 blocks of module-level executable AML code
[    0.509982] ACPI: Interpreter enabled
[    0.512065] ACPI: (supports S0 S5)
[    0.516007] ACPI: Using IOAPIC for interrupt routing
[    0.524153] PCI: Using host bridge windows from ACPI; if necessary, use "pci=nocrs" and report a bug
[    0.528496] ACPI: Enabled 2 GPEs in block 00 to 07
[    0.552410] ACPI: PCI Root Bridge [PCI0] (domain 0000 [bus 00-ff])
[    0.556019] acpi PNP0A03:00: _OSC: OS supports [ASPM ClockPM Segments MSI]
[    0.564959] acpi PNP0A03:00: _OSC: not requesting OS control; OS requires [ExtendedConfig ASPM ClockPM MSI]
[    0.568030] acpi PNP0A03:00: fail to add MMCONFIG information, can't access extended PCI configuration space under this bridge.
[    0.576859] PCI host bridge to bus 0000:00
[    0.580015] pci_bus 0000:00: root bus resource [io  0x0000-0x0cf7 window]
[    0.584011] pci_bus 0000:00: root bus resource [io  0x0d00-0xffff window]
[    0.588010] pci_bus 0000:00: root bus resource [mem 0x000a0000-0x000bffff window]
[    0.592011] pci_bus 0000:00: root bus resource [mem 0x40000000-0xfdffffff window]
[    0.596013] pci_bus 0000:00: root bus resource [bus 00-ff]
[    0.609054] pci 0000:00:01.1: legacy IDE quirk: reg 0x10: [io  0x01f0-0x01f7]
[    0.612009] pci 0000:00:01.1: legacy IDE quirk: reg 0x14: [io  0x03f6]
[    0.616008] pci 0000:00:01.1: legacy IDE quirk: reg 0x18: [io  0x0170-0x0177]
[    0.620008] pci 0000:00:01.1: legacy IDE quirk: reg 0x1c: [io  0x0376]
[    0.733007] pci 0000:00:07.0: quirk: [io  0x4000-0x403f] claimed by PIIX4 ACPI
[    0.776060] pci 0000:00:07.0: quirk: [io  0x4100-0x410f] claimed by PIIX4 SMB
[    0.848818] ACPI: PCI Interrupt Link [LNKA] (IRQs 5 9 10 *11)
[    0.888289] ACPI: PCI Interrupt Link [LNKB] (IRQs 5 9 *10 11)
[    0.924051] ACPI: PCI Interrupt Link [LNKC] (IRQs 5 *9 10 11)
[    0.956391] ACPI: PCI Interrupt Link [LNKD] (IRQs 5 9 10 *11)
[    0.996028] SCSI subsystem initialized
[    1.020406] pci 0000:00:02.0: vgaarb: setting as boot VGA device
[    1.024000] pci 0000:00:02.0: vgaarb: VGA device added: decodes=io+mem,owns=io+mem,locks=none
[    1.104015] pci 0000:00:02.0: vgaarb: bridge control possible
[    1.136008] vgaarb: loaded
[    1.156143] ACPI: bus type USB registered
[    1.180093] usbcore: registered new interface driver usbfs
[    1.212037] usbcore: registered new interface driver hub
[    1.244261] usbcore: registered new device driver usb
[    1.276569] EDAC MC: Ver: 3.0.0
[    1.308085] PCI: Using ACPI for IRQ routing
[    1.336027] NetLabel: Initializing
[    1.360012] NetLabel:  domain hash size = 128
[    1.384006] NetLabel:  protocols = UNLABELED CIPSOv4 CALIPSO
[    1.420046] NetLabel:  unlabeled traffic allowed by default
[    1.456060] clocksource: Switched to clocksource kvm-clock
[    1.578154] VFS: Disk quotas dquot_6.6.0
[    1.585642] VFS: Dquot-cache hash table entries: 512 (order 0, 4096 bytes)
[    1.598645] AppArmor: AppArmor Filesystem Enabled
[    1.607515] pnp: PnP ACPI init
[    1.617194] pnp: PnP ACPI: found 3 devices
[    1.636370] clocksource: acpi_pm: mask: 0xffffff max_cycles: 0xffffff, max_idle_ns: 2085701024 ns
[    1.651068] NET: Registered protocol family 2
[    1.660746] TCP established hash table entries: 8192 (order: 4, 65536 bytes)
[    1.673096] TCP bind hash table entries: 8192 (order: 5, 131072 bytes)
[    1.685209] TCP: Hash tables configured (established 8192 bind 8192)
[    1.699236] UDP hash table entries: 512 (order: 2, 16384 bytes)
[    1.710388] UDP-Lite hash table entries: 512 (order: 2, 16384 bytes)
[    1.722185] NET: Registered protocol family 1
[    1.731131] pci 0000:00:00.0: Limiting direct PCI/PCI transfers
[    1.741908] pci 0000:00:01.0: Activating ISA DMA hang workarounds
[    1.752991] pci 0000:00:02.0: Video device with shadowed ROM at [mem 0x000c0000-0x000dffff]
[    1.767430] Unpacking initramfs...
[    2.852311] Freeing initrd memory: 19216K
[    2.861187] clocksource: tsc: mask: 0xffffffffffffffff max_cycles: 0x36a690d8ff8, max_idle_ns: 881590545418 ns
[    2.877962] platform rtc_cmos: registered platform RTC device (no PNP device found)
[    2.891688] Scanning for low memory corruption every 60 seconds
[    2.906185] Initialise system trusted keyrings
[    2.914821] Key type blacklist registered
[    2.924869] workingset: timestamp_bits=36 max_order=18 bucket_order=0
[    2.941711] zbud: loaded
[    2.950353] squashfs: version 4.0 (2009/01/31) Phillip Lougher
[    2.962434] fuse init (API version 7.26)
[    3.013429] Key type asymmetric registered
[    3.020869] Asymmetric key parser 'x509' registered
[    3.029224] Block layer SCSI generic (bsg) driver version 0.4 loaded (major 246)
[    3.042912] io scheduler noop registered
[    3.051042] io scheduler deadline registered
[    3.059382] io scheduler cfq registered (default)
[    3.072678] ACPI: AC Adapter [AC] (on-line)
[    3.079202] input: Power Button as /devices/LNXSYSTM:00/LNXPWRBN:00/input/input0
[    3.093388] ACPI: Power Button [PWRF]
[    3.099707] input: Sleep Button as /devices/LNXSYSTM:00/LNXSLPBN:00/input/input1
[    3.112987] ACPI: Sleep Button [SLPF]
[    3.122613] Serial: 8250/16550 driver, 32 ports, IRQ sharing enabled
[    3.126687] ACPI: Battery Slot [BAT0] (battery present)
[    3.185746] 00:02: ttyS0 at I/O 0x3f8 (irq = 4, base_baud = 115200) is a 16550A
[    3.205072] Linux agpgart interface v0.103
[    3.228637] loop: module loaded
[    3.238506] scsi host0: ata_piix
[    3.246040] scsi host1: ata_piix
[    3.251400] ata1: PATA max UDMA/33 cmd 0x1f0 ctl 0x3f6 bmdma 0xd000 irq 14
[    3.255266] ata2: PATA max UDMA/33 cmd 0x170 ctl 0x376 bmdma 0xd008 irq 15
[    3.271145] libphy: Fixed MDIO Bus: probed
[    3.279960] tun: Universal TUN/TAP device driver, 1.6
[    3.288107] PPP generic driver version 2.4.2
[    3.295463] ehci_hcd: USB 2.0 'Enhanced' Host Controller (EHCI) Driver
[    3.306461] ehci-pci: EHCI PCI platform driver
[    3.314143] ehci-platform: EHCI generic platform driver
[    3.322147] ohci_hcd: USB 1.1 'Open' Host Controller (OHCI) Driver
[    3.332625] ohci-pci: OHCI PCI platform driver
[    3.339493] ohci-platform: OHCI generic platform driver
[    3.348782] uhci_hcd: USB Universal Host Controller Interface driver
[    3.361196] i8042: PNP: PS/2 Controller [PNP0303:PS2K,PNP0f03:PS2M] at 0x60,0x64 irq 1,12
[    3.381439] serio: i8042 KBD port at 0x60,0x64 irq 1
[    3.393299] serio: i8042 AUX port at 0x60,0x64 irq 12
[    3.407146] mousedev: PS/2 mouse device common for all mice
[    3.427149] rtc_cmos rtc_cmos: rtc core: registered rtc_cmos as rtc0
[    3.443802] rtc_cmos rtc_cmos: alarms up to one day, 114 bytes nvram
[    3.458846] i2c /dev entries driver
[    3.466769] device-mapper: uevent: version 1.0.3
[    3.477095] device-mapper: ioctl: 4.37.0-ioctl (2017-09-20) initialised: dm-devel@redhat.com
[    3.547352] ledtrig-cpu: registered to indicate activity on CPUs
[    3.560844] input: AT Translated Set 2 keyboard as /devices/platform/i8042/serio0/input/input2
[    3.577272] NET: Registered protocol family 10
[    3.598898] Segment Routing with IPv6
[    3.605061] NET: Registered protocol family 17
[    3.612977] Key type dns_resolver registered
[    3.620777] mce: Using 0 MCE banks
[    3.626023] RAS: Correctable Errors collector initialized.
[    3.634428] sched_clock: Marking stable (3634232775, 0)->(5304762467, -1670529692)
[    3.654377] registered taskstats version 1
[    3.660748] Loading compiled-in X.509 certificates
[    3.678409] Loaded X.509 cert 'Build time autogenerated kernel key: 4655b2c914ed6b33eca2e2b4a955f269ad793254'
[    3.695305] zswap: loaded using pool lzo/zbud
[    3.727348] Key type big_key registered
[    3.734243] Key type trusted registered
[    3.749886] Key type encrypted registered
[    3.756492] AppArmor: AppArmor sha1 policy hashing enabled
[    3.765094] ima: No TPM chip found, activating TPM-bypass! (rc=-19)
[    3.775006] ima: Allocated hash algorithm: sha1
[    3.782949] evm: HMAC attrs: 0x1
[    3.789847]   Magic number: 13:342:718
[    3.797391] rtc_cmos rtc_cmos: setting system clock to 2021-03-30 04:43:38 UTC (1617079418)
[    3.812651] BIOS EDD facility v0.16 2004-Jun-25, 0 devices found
[    3.822440] EDD information not available.
[    3.836770] Freeing unused kernel image memory: 2436K
[    4.132014] Write protecting the kernel read-only data: 20480k
[    4.168723] Freeing unused kernel image memory: 2008K
[    4.180803] Freeing unused kernel image memory: 1872K
[    4.203276] x86/mm: Checked W+X mappings: passed, no W+X pages found.
[    4.212489] x86/mm: Checking user space page tables
[    4.231324] x86/mm: Checked W+X mappings: passed, no W+X pages found.
Loading, please wait...
starting version 237
[    4.555400] Fusion MPT base driver 3.04.20
[    4.567408] Copyright (c) 1999-2008 LSI Corporation
[    4.638651] e1000: Intel(R) PRO/1000 Network Driver - version 7.3.21-k8-NAPI
[    4.657198] e1000: Copyright (c) 1999-2006 Intel Corporation.
[    4.705260] Fusion MPT SPI Host driver 3.04.20
[    5.180475] input: ImExPS/2 Generic Explorer Mouse as /devices/platform/i8042/serio1/input/input4
[    5.866243] e1000 0000:00:03.0 eth0: (PCI:33MHz:32-bit) 02:df:14:00:a4:ed
[    5.879242] e1000 0000:00:03.0 eth0: Intel(R) PRO/1000 Network Connection
[    5.901855] e1000 0000:00:03.0 enp0s3: renamed from eth0
[    5.915257] mptbase: ioc0: Initiating bringup
[    6.205082] ioc0: LSI53C1030 A0: Capabilities={Initiator}
[    7.172644] scsi host2: ioc0: LSI53C1030 A0, FwRev=00000000h, Ports=1, MaxQ=256, IRQ=20
[    7.824935] scsi 2:0:0:0: Direct-Access     VBOX     HARDDISK         1.0  PQ: 0 ANSI: 5
[    7.894979] scsi target2:0:0: Beginning Domain Validation
[    7.913932] scsi target2:0:0: Domain Validation skipping write tests
[    7.922690] scsi target2:0:0: Ending Domain Validation
[    7.930409] scsi target2:0:0: asynchronous
[    7.937737] random: fast init done
[    7.944526] scsi 2:0:1:0: Direct-Access     VBOX     HARDDISK         1.0  PQ: 0 ANSI: 5
[    8.730655] scsi target2:0:1: Beginning Domain Validation
[    8.772857] scsi target2:0:1: Domain Validation skipping write tests
[    8.783539] scsi target2:0:1: Ending Domain Validation
[    8.793338] scsi target2:0:1: asynchronous
[    8.826261] random: systemd-udevd: uninitialized urandom read (16 bytes read)
[    8.836744] random: systemd-udevd: uninitialized urandom read (16 bytes read)
[    8.846774] random: systemd-udevd: uninitialized urandom read (16 bytes read)
[    8.860105] sd 2:0:0:0: [sda] 20971520 512-byte logical blocks: (10.7 GB/10.0 GiB)
[    8.873722] sd 2:0:0:0: Attached scsi generic sg0 type 0
[    8.884534] sd 2:0:0:0: [sda] Write Protect is off
[    8.898395] sd 2:0:0:0: [sda] Incomplete mode parameter data
[    8.902634] sd 2:0:1:0: [sdb] 20480 512-byte logical blocks: (10.5 MB/10.0 MiB)
[    8.908955] sd 2:0:0:0: [sda] Assuming drive cache: write through
[    8.909232] sd 2:0:1:0: Attached scsi generic sg1 type 0
[    8.941833] sd 2:0:1:0: [sdb] Write Protect is off
[    8.952432] sd 2:0:1:0: [sdb] Incomplete mode parameter data
[    8.962925] sd 2:0:1:0: [sdb] Assuming drive cache: write through
[    8.979890]  sda: sda1
[    8.992562] sd 2:0:0:0: [sda] Attached SCSI disk
[    9.004038] sd 2:0:1:0: [sdb] Attached SCSI disk
Begin: Loading essential drivers ... [   80.002581] INFO: rcu_sched detected stalls on CPUs/tasks:
[   80.002737] raid6: sse2x1   gen() 6525201 MB/s
[   80.013837] 	1-...!: (1 GPs behind) idle=76e/140000000000000/0 softirq=1404/1408 fqs=1 
[   80.054758] 	(detected by 0, t=16844 jiffies, g=44, c=43, q=89)
[   80.069411] Sending NMI from CPU 0 to CPUs 1:
[   90.605759] rcu_sched kthread starved for 16842 jiffies! g44 c43 f0x0 RCU_GP_WAIT_FQS(3) ->state=0x402 ->cpu=0
[   90.625596] rcu_sched       I    0     8      2 0x80000000
[   90.636503] Call Trace:
[   90.641358]  __schedule+0x24e/0x880
[   90.647184]  schedule+0x2c/0x80
[   90.653934]  schedule_timeout+0x15d/0x370
[   90.661328]  ? __next_timer_interrupt+0xe0/0xe0
[   90.669354]  rcu_gp_kthread+0x53a/0x980
[   90.675831]  kthread+0x121/0x140
[   90.681947]  ? rcu_note_context_switch+0x150/0x150
[   90.690725]  ? kthread_create_worker_on_cpu+0x70/0x70
[   90.699073]  ret_from_fork+0x35/0x40
[   90.748997] raid6: sse2x1   xor()  3071 MB/s
[   90.813206] raid6: sse2x2   gen()  5480 MB/s
[   90.877699] raid6: sse2x2   xor()  3388 MB/s
[   90.942428] raid6: sse2x4   gen()  4237 MB/s
[   91.006624] raid6: sse2x4   xor()  3054 MB/s
[   91.017074] raid6: using algorithm sse2x1 gen() 6525201 MB/s
[   91.032865] raid6: .... xor() 3071 MB/s, rmw enabled
[   91.047384] raid6: using ssse3x2 recovery algorithm
[   91.067231] xor: measuring software checksum speed
[   91.167714]    prefetch64-sse: 23725.000 MB/sec
[   91.274566]    generic_sse: 22320.000 MB/sec
[   91.282744] xor: using function: prefetch64-sse (23725.000 MB/sec)
[   91.301836] async_tx: api initialized (async)
done.
Begin: Running /scripts/init-premount ... done.
Begin: Mounting root file system ... Begin: Running /scripts/local-top ... done.
Begin: Running /scripts/local-premount ... [   91.470739] Btrfs loaded, crc32c=crc32c-intel
Scanning for Btrfs filesystems
done.
Warning: fsck not present, so skipping root file system
[   91.686235] EXT4-fs (sda1): mounted filesystem with ordered data mode. Opts: (null)
done.
Begin: Running /scripts/local-bottom ... done.
Begin: Running /scripts/init-bottom ... done.
[   93.444453] random: crng init done
[   93.452930] random: 7 urandom warning(s) missed due to ratelimiting
[   93.951248] ip_tables: (C) 2000-2006 Netfilter Core Team
[   94.093302] systemd[1]: systemd 237 running in system mode. (+PAM +AUDIT +SELINUX +IMA +APPARMOR +SMACK +SYSVINIT +UTMP +LIBCRYPTSETUP +GCRYPT +GNUTLS +ACL +XZ +LZ4 +SECCOMP +BLKID +ELFUTILS +KMOD -IDN2 +IDN -PCRE2 default-hierarchy=hybrid)
[   94.133530] systemd[1]: Detected virtualization oracle.
[   94.142340] systemd[1]: Detected architecture x86-64.

Welcome to [1mUbuntu 18.04.5 LTS[0m!

[   94.249274] systemd[1]: Set hostname to <ubuntu>.
[   94.315184] systemd[1]: Initializing machine ID from random generator.
[   94.331668] systemd[1]: Installed transient /etc/machine-id file.
[   96.860028] systemd[1]: Created slice User and Session Slice.
[[0;32m  OK  [0m] Created slice User and Session Slice.
[   96.884106] systemd[1]: Reached target System Time Synchronized.
[[0;32m  OK  [0m] Reached target System Time Synchronized.
[   96.907083] systemd[1]: Set up automount Arbitrary Executable File Formats File System Automount Point.
[[0;32m  OK  [0m] Set up automount Arbitrary Executab…rmats File System Automount Point.
[   96.938926] systemd[1]: Reached target User and Group Name Lookups.
[[0;32m  OK  [0m] Reached target User and Group Name Lookups.
[[0;32m  OK  [0m] Reached target Swap.
[[0;32m  OK  [0m] Created slice System Slice.
[[0;32m  OK  [0m] Created slice system-serial\x2dgetty.slice.
[[0;32m  OK  [0m] Listening on udev Control Socket.
[[0;32m  OK  [0m] Listening on LVM2 metadata daemon socket.
[[0;32m  OK  [0m] Listening on udev Kernel Socket.
[[0;32m  OK  [0m] Listening on LVM2 poll daemon socket.
[[0;32m  OK  [0m] Listening on Journal Audit Socket.
[[0;32m  OK  [0m] Listening on Syslog Socket.
[[0;32m  OK  [0m] Reached target Slices.
[[0;32m  OK  [0m] Listening on Journal Socket.
         Starting Load Kernel Modules...
         Starting Uncomplicated firewall...
         Starting Remount Root and Kernel File Systems...
         Mounting POSIX Message Queue File System...
[[0;32m  OK  [0m] Started Forward Password Requests to Wall Directory Watch.
[[0;32m  OK  [0m] Listening on Device-mapper event daemon FIFOs.
         Mounting Huge Pages File System...
         Starting Create list of required st…ce nodes for the current kernel...
         Starting udev Coldplug all Devices...
[[0;32m  OK  [0m] Listening on Journal Socket (/dev/log).
         Starting Journal Service...
[   97.285657] Loading iSCSI transport class v2.0-870.
[[0;32m  OK  [0m] Listening on Network Service Netlink Socket.
         Mounting Kernel Debug File System...
         Starting Monitoring of LVM2 mirrors…ng dmeventd or progress polling...
         Starting Set the console keyboard layout...
[[0;32m  OK  [0m] Listening on /dev/initctl Compatibility Named Pipe.
[[0;32m  OK  [0m] Started Uncomplicated firewall.
[[0;32m  OK  [0m] Started Create list of required sta…vice nodes for the current kernel.
         Starting Create Static Device Nodes in /dev...
[   97.538050] iscsi: registered transport (tcp)
[[0;32m  OK  [0m] Mounted Huge Pages File System.
[[0;32m  OK  [0m] Mounted POSIX Message Queue File System.
[[0;32m  OK  [0m] Mounted Kernel Debug File System.
[[0;32m  OK  [0m] Started udev Coldplug all Devices.
[[0;32m  OK  [0m] Started Journal Service.
[   97.818427] EXT4-fs (sda1): re-mounted. Opts: (null)
[[0;32m  OK  [0m] Started Remount Root and Kernel File Systems.
         Starting Flush Journal to Persistent Storage...
         Starting Load/Save Random Seed...
[   98.018024] systemd-journald[394]: Received request to flush runtime journal from PID 1
[[0;32m  OK  [0m] Started Load/Save Random Seed.
[[0;32m  OK  [0m] Started LVM2 metadata daemon.
[[0;32m  OK  [0m] Started Create Static Device Nodes in /dev.
         Starting udev Kernel Device Manager...
[[0;32m  OK  [0m] Started Flush Journal to Persistent Storage.
[   98.904374] iscsi: registered transport (iser)
[[0;32m  OK  [0m] Started Load Kernel Modules.
         Mounting FUSE Control File System...
         Starting Apply Kernel Variables...
         Mounting Kernel Configuration File System...
[[0;32m  OK  [0m] Mounted FUSE Control File System.
[[0;32m  OK  [0m] Mounted Kernel Configuration File System.
[[0;32m  OK  [0m] Started Monitoring of LVM2 mirrors,…sing dmeventd or progress polling.
[[0;32m  OK  [0m] Started udev Kernel Device Manager.
[[0;32m  OK  [0m] Started Apply Kernel Variables.
[[0;32m  OK  [0m] Found device /dev/ttyS0.
[[0;32m  OK  [0m] Listening on Load/Save RF Kill Switch Status /dev/rfkill Watch.
[[0;32m  OK  [0m] Started Set the console keyboard layout.
[[0;32m  OK  [0m] Reached target Local File Systems (Pre).
[[0;32m  OK  [0m] Reached target Local File Systems.
         Starting Set console font and keymap...
         Starting ebtables ruleset management...
         Starting Tell Plymouth To Write Out Runtime Data...
         Starting Create Volatile Files and Directories...
         Starting Commit a transient machine-id on disk...
         Starting AppArmor initialization...
[[0;32m  OK  [0m] Started Dispatch Password Requests to Console Directory Watch.
[[0;32m  OK  [0m] Reached target Local Encrypted Volumes.
[[0;32m  OK  [0m] Started Tell Plymouth To Write Out Runtime Data.
[[0;32m  OK  [0m] Started Set console font and keymap.
[[0;32m  OK  [0m] Started Create Volatile Files and Directories.
         Starting Update UTMP about System Boot/Shutdown...
[[0;32m  OK  [0m] Started Commit a transient machine-id on disk.
[[0;32m  OK  [0m] Started Update UTMP about System Boot/Shutdown.
[[0;32m  OK  [0m] Started ebtables ruleset management.
[[0;32m  OK  [0m] Started AppArmor initialization.
         Starting Load AppArmor profiles managed internally by snapd...
         Starting Initial cloud-init job (pre-networking)...
[[0;32m  OK  [0m] Started Load AppArmor profiles managed internally by snapd.
[  113.698479] cloud-init[612]: Cloud-init v. 20.2-45-g5f7825e2-0ubuntu1~18.04.1 running 'init-local' at Tue, 30 Mar 2021 04:45:26 +0000. Up 112.24 seconds.
[[0;32m  OK  [0m] Started Initial cloud-init job (pre-networking).
[[0;32m  OK  [0m] Reached target Network (Pre).
         Starting Network Service...
[[0;32m  OK  [0m] Started Network Service.
         Starting Network Name Resolution...
         Starting Wait for Network to be Configured...
[[0;32m  OK  [0m] Started Network Name Resolution.
[[0;32m  OK  [0m] Reached target Host and Network Name Lookups.
[[0;32m  OK  [0m] Reached target Network.
[[0;32m  OK  [0m] Started Wait for Network to be Configured.
         Starting Initial cloud-init job (metadata service crawler)...
[  118.715937] cloud-init[719]: Cloud-init v. 20.2-45-g5f7825e2-0ubuntu1~18.04.1 running 'init' at Tue, 30 Mar 2021 04:45:32 +0000. Up 117.99 seconds.
[  118.729606] cloud-init[719]: ci-info: ++++++++++++++++++++++++++++++++++++++Net device info++++++++++++++++++++++++++++++++++++++
[  118.743586] cloud-init[719]: ci-info: +--------+------+----------------------------+---------------+--------+-------------------+
[  118.765984] cloud-init[719]: ci-info: | Device |  Up  |          Address           |      Mask     | Scope  |     Hw-Address    |
[  118.786525] cloud-init[719]: ci-info: +--------+------+----------------------------+---------------+--------+-------------------+
[  118.807153] cloud-init[719]: ci-info: | enp0s3 | True |         10.0.2.15          | 255.255.255.0 | global | 02:df:14:00:a4:ed |
[  118.832157] cloud-init[719]: ci-info: | enp0s3 | True | fe80::df:14ff:fe00:a4ed/64 |       .       |  link  | 02:df:14:00:a4:ed |
[  118.855982] cloud-init[719]: ci-info: |   lo   | True |         127.0.0.1          |   255.0.0.0   |  host  |         .         |
[  118.876123] cloud-init[719]: ci-info: |   lo   | True |          ::1/128           |       .       |  host  |         .         |
[  118.898299] cloud-init[719]: ci-info: +--------+------+----------------------------+---------------+--------+-------------------+
[  118.925670] cloud-init[719]: ci-info: ++++++++++++++++++++++++++++Route IPv4 info+++++++++++++++++++++++++++++
[  118.944814] cloud-init[719]: ci-info: +-------+-------------+----------+-----------------+-----------+-------+
[  118.961715] cloud-init[719]: ci-info: | Route | Destination | Gateway  |     Genmask     | Interface | Flags |
[  118.977186] cloud-init[719]: ci-info: +-------+-------------+----------+-----------------+-----------+-------+
[  119.002682] cloud-init[719]: ci-info: |   0   |   0.0.0.0   | 10.0.2.2 |     0.0.0.0     |   enp0s3  |   UG  |
[  119.023542] cloud-init[719]: ci-info: |   1   |   10.0.2.0  | 0.0.0.0  |  255.255.255.0  |   enp0s3  |   U   |
[  119.045873] cloud-init[719]: ci-info: |   2   |   10.0.2.2  | 0.0.0.0  | 255.255.255.255 |   enp0s3  |   UH  |
[  119.063171] cloud-init[719]: ci-info: +-------+-------------+----------+-----------------+-----------+-------+
[  119.085216] cloud-init[719]: ci-info: +++++++++++++++++++Route IPv6 info+++++++++++++++++++
[  119.107025] cloud-init[719]: ci-info: +-------+-------------+---------+-----------+-------+
[  119.125306] cloud-init[719]: ci-info: | Route | Destination | Gateway | Interface | Flags |
[  119.175025] cloud-init[719]: ci-info: +-------+-------------+---------+-----------+-------+
[  119.183710] cloud-init[719]: ci-info: |   1   |  fe80::/64  |    ::   |   enp0s3  |   U   |
[  119.198531] cloud-init[719]: ci-info: |   3   |    local    |    ::   |   enp0s3  |   U   |
[  119.246732] cloud-init[719]: ci-info: |   4   |   ff00::/8  |    ::   |   enp0s3  |   U   |
[  119.258002] cloud-init[719]: ci-info: +-------+-------------+---------+-----------+-------+
[  123.453373] cloud-init[719]: Generating public/private rsa key pair.
[  123.459775] cloud-init[719]: Your identification has been saved in /etc/ssh/ssh_host_rsa_key.
[  123.469741] cloud-init[719]: Your public key has been saved in /etc/ssh/ssh_host_rsa_key.pub.
[  123.477518] cloud-init[719]: The key fingerprint is:
[  123.483732] cloud-init[719]: SHA256:OVfx0JBna3dVkAScB+aES4CqrQNPp27IhZLOjYA7sn8 root@ubuntu-bionic
[  123.493917] cloud-init[719]: The key's randomart image is:
[  123.501626] cloud-init[719]: +---[RSA 2048]----+
[  123.506266] cloud-init[719]: |       ... oOOooo|
[  123.510878] cloud-init[719]: |      .   o+++* .|
[  123.517254] cloud-init[719]: |     .   . .o+...|
[  123.525430] cloud-init[719]: |    .    ...  o o|
[  123.530426] cloud-init[719]: |...o    S .  . ..|
[  123.535772] cloud-init[719]: |*.o.o    o       |
[  123.540754] cloud-init[719]: |**++             |
[  123.544781] cloud-init[719]: |==*.E            |
[  123.550053] cloud-init[719]: |o*oo             |
[  123.553966] cloud-init[719]: +----[SHA256]-----+
[  123.558020] cloud-init[719]: Generating public/private dsa key pair.
[  123.565257] cloud-init[719]: Your identification has been saved in /etc/ssh/ssh_host_dsa_key.
[  123.577397] cloud-init[719]: Your public key has been saved in /etc/ssh/ssh_host_dsa_key.pub.
[  123.602174] cloud-init[719]: The key fingerprint is:
[  123.609471] cloud-init[719]: SHA256:TN2lpn3K5MAF/XscIQoGGavQfLwSq17DLdY+Ey0yR3U root@ubuntu-bionic
[  123.619227] cloud-init[719]: The key's randomart image is:
[  123.625606] cloud-init[719]: +---[DSA 1024]----+
[  123.631842] cloud-init[719]: |       o+ ..  .  |
[  123.639930] cloud-init[719]: |    o ...= E.+ . |
[  123.645224] cloud-init[719]: |   . + ++ + *.. .|
[  123.651314] cloud-init[719]: |    . =+.. *  .. |
[  123.659190] cloud-init[719]: |     +..S + o .o.|
[  123.681608] cloud-init[719]: |    oo++ . = o. o|
[  123.702690] cloud-init[719]: |   . *+oo   +  . |
[  123.721607] cloud-init[719]: |  . o +o         |
[  123.738316] cloud-init[719]: |   .   .o        |
[  123.759202] cloud-init[719]: +----[SHA256]-----+
[  123.775768] cloud-init[719]: Generating public/private ecdsa key pair.
[  123.793806] cloud-init[719]: Your identification has been saved in /etc/ssh/ssh_host_ecdsa_key.
[  123.813958] cloud-init[719]: Your public key has been saved in /etc/ssh/ssh_host_ecdsa_key.pub.
[  123.838431] cloud-init[719]: The key fingerprint is:
[  123.855391] cloud-init[719]: SHA256:AcQZiJivGnGLqtvrTWLuOam1wbjZlr34ESY3ok+KLiE root@ubuntu-bionic
[[0;32m  OK  [0m] Started Initial cloud-init job (metadata service crawler).
[  123.884960] [[0;32m  OK  [0m] Reached target Network is Online.
cloud-init[719]: The key's randomart image is:
[  123.903300] cloud-init[719]: [[0;32m  OK  [0m] Reached target Remote File Systems (Pre).
[[0;32m  OK  [0m] Reached target Remote File Systems.
         Starting Availability of block devices...
[[0;32m  OK  [0m] Reached target System Initialization.
+---[ECDSA 256]---+
[[0;32m  OK  [0m] Started ACPI Events Check.
[  123.953481] cloud-init[719]: [[0;32m  OK  [0m] Started Message of the Day.
[[0;32m  OK  [0m] Listening on D-Bus System Message Bus Socket.
| o . ++o         |
[[0;32m  OK  [0m] Started Daily apt download activities.
[[0;32m  OK  [0m] Listening on UUID daemon activation socket.
[[0;32m  OK  [0m] Started Daily Cleanup of Temporary Directories.
[  124.007412] cloud-init[719]: |o . . o.         |
         Starting Socket activation for snappy daemon.
[  124.035981] cloud-init[719]:          Starting LXD - unix socket.
[[0;32m  OK  [0m] Listening on ACPID Listen Socket.
| .      .        |
[  124.072033] [[0;32m  OK  [0m] Started Daily apt upgrade and clean activities.
[[0;32m  OK  [0m] Listening on Open-iSCSI iscsid Socket.
[[0;32m  OK  [0m] Started Discard unused blocks once a week.
cloud-init[719]: |. o      .       |
[[0;32m  OK  [0m] Reached target Timers.
[[0;32m  OK  [0m] Reached target Paths.
[  124.083223] cloud-init[719]: | =o.=   S        |
[[0;32m  OK  [0m] Reached target Cloud-config availability.
[  124.095167] cloud-init[719]: |E+.= o           |
[[0;32m  OK  [0m] Started Availability of block devices.
[[0;32m  OK  [0m] Listening on Socket activation for snappy daemon.
[[0;32m  OK  [0m] Listening on LXD - unix socket.
[[0;32m  OK  [0m] Reached target Sockets.
[[0;32m  OK  [0m] Reached target Basic System.
[  124.121923] cloud-init[719]: |*oB+o            |
[  124.165308] cloud-init[719]: |=%=O..           |
[[0;32m  OK  [0m] Started Deferred execution scheduler.
         Starting Permit User Sessions...
[  124.176077] cloud-init[719]: |%B%++.           |
         Starting LSB: automatic crash report generation...
[  124.213278] cloud-init[719]: +----[SHA256]-----+
[  124.228659] cloud-init[719]: Generating public/private ed25519 key pair.
         Starting System Logging Service...
[  124.275122] cloud-init[719]: Your identification has been saved in /etc/ssh/ssh_host_ed25519_key.
         Starting Login Service...
         Starting Accounts Service...
[  124.291596] cloud-init[719]: Your public key has been saved in /etc/ssh/ssh_host_ed25519_key.pub.
[  124.341259] cloud-init[719]: The key fingerprint is:
[  124.349603] cloud-init[719]: SHA256:p9rBLskxJB46TToFF8p8qw0bX4NYrRrVNVhvM2mot8c root@ubuntu-bionic
[  124.359450] cloud-init[719]: The key's randomart image is:
[  124.366908] cloud-init[719]: +--[ED25519 256]--+
[  124.374249] cloud-init[719]: |    .. o+        |
[  124.380667] cloud-init[719]: | o...o.. + .     |
[  124.392654] cloud-init[719]: |  +o+ o . B      |
[  124.398350] cloud-init[719]: |   ==+.. o o     |
[  124.405257] cloud-init[719]: |  =B+++ S .      |
[  124.411411] cloud-init[719]: |  =Xo.o+ =       |
[  124.421357] cloud-init[719]: |  +oo. += E      |
[  124.427674] cloud-init[719]: |      ++ o       |
[  124.443818] cloud-init[719]: |      ..o        |
[  124.453703] cloud-init[719]: +----[SHA256]-----+
         Starting Snap Daemon...
         Starting Pollinate to seed the pseudo random number generator...
         Starting Virtualbox guest utils...
         Starting LSB: Record successful boot for GRUB...
[[0;32m  OK  [0m] Started irqbalance daemon.
         Starting Dispatcher daemon for systemd-networkd...
[[0;32m  OK  [0m] Started Regular background program processing daemon.
[[0;32m  OK  [0m] Started D-Bus System Message Bus.
[[0;32m  OK  [0m] Started Login Service.
[[0;32m  OK  [0m] Started Unattended Upgrades Shutdown.
[[0;32m  OK  [0m] Started FUSE filesystem for LXC.
         Starting LXD - container startup/shutdown...
[[0;32m  OK  [0m] Started System Logging Service.
[[0;32m  OK  [0m] Started Permit User Sessions.
         Starting Terminate Plymouth Boot Screen...
         Starting Hold until boot process finishes up...
[[0;32m  OK  [0m] Started Hold until boot process finishes up.
         Starting Set console scheme...
[[0;32m  OK  [0m] Started Serial Getty on ttyS0.
[[0;32m  OK  [0m] Started Terminate Plymouth Boot Screen.
[[0;32m  OK  [0m] Started LSB: automatic crash report generation.
[[0;32m  OK  [0m] Started LSB: Record successful boot for GRUB.
[[0;32m  OK  [0m] Started Set console scheme.
[[0;32m  OK  [0m] Created slice system-getty.slice.
[[0;32m  OK  [0m] Started Getty on tty1.
[[0;32m  OK  [0m] Reached target Login Prompts.
         Starting Authorization Manager...
[[0;32m  OK  [0m] Started Authorization Manager.
[[0;32m  OK  [0m] Started Accounts Service.
[[0;32m  OK  [0m] Started Virtualbox guest utils.
[[0;32m  OK  [0m] Started Dispatcher daemon for systemd-networkd.

Ubuntu 18.04.5 LTS ubuntu-bionic ttyS0

ubuntu-bionic login: [  141.963438] cloud-init[1188]: Cloud-init v. 20.2-45-g5f7825e2-0ubuntu1~18.04.1 running 'modules:config' at Tue, 30 Mar 2021 04:45:52 +0000. Up 137.90 seconds.
ci-info: no authorized SSH keys fingerprints found for user ubuntu.
<14>Mar 30 04:45:59 ec2: 
<14>Mar 30 04:45:59 ec2: #############################################################
<14>Mar 30 04:45:59 ec2: -----BEGIN SSH HOST KEY FINGERPRINTS-----
<14>Mar 30 04:45:59 ec2: 1024 SHA256:TN2lpn3K5MAF/XscIQoGGavQfLwSq17DLdY+Ey0yR3U root@ubuntu-bionic (DSA)
<14>Mar 30 04:45:59 ec2: 256 SHA256:AcQZiJivGnGLqtvrTWLuOam1wbjZlr34ESY3ok+KLiE root@ubuntu-bionic (ECDSA)
<14>Mar 30 04:45:59 ec2: 256 SHA256:p9rBLskxJB46TToFF8p8qw0bX4NYrRrVNVhvM2mot8c root@ubuntu-bionic (ED25519)
<14>Mar 30 04:45:59 ec2: 2048 SHA256:OVfx0JBna3dVkAScB+aES4CqrQNPp27IhZLOjYA7sn8 root@ubuntu-bionic (RSA)
<14>Mar 30 04:45:59 ec2: -----END SSH HOST KEY FINGERPRINTS-----
<14>Mar 30 04:45:59 ec2: #############################################################
-----BEGIN SSH HOST KEY KEYS-----
ecdsa-sha2-nistp256 AAAAE2VjZHNhLXNoYTItbmlzdHAyNTYAAAAIbmlzdHAyNTYAAABBBDGukjW7mTyGndrCnbPpwSGT02gSGFcf36YlPFRrq4KbJF+8DW67lAmse/LIms5zj/rZQYtzJAimwVnRnVKH54g= root@ubuntu-bionic
ssh-ed25519 AAAAC3NzaC1lZDI1NTE5AAAAIOhZykeq24K3/p42wIV6/c8SQNoeMMrTtH1gYuMOlPPS root@ubuntu-bionic
ssh-rsa AAAAB3NzaC1yc2EAAAADAQABAAABAQDYsqEM3ttzi3jy91CQqUZkJGs/Ij60TIPwz8cNjOu46+x3+YzNYiBv6Yzg50PEznPEmSaX3VBbdM0JYJxTS6g3xR8zFYF6hfIH6IYHlPyQtPFiat0ZAH8yrjO6TULmwqZXwSrnlUXnnbkPuGB8fldjMKhVjUUVSM8GUQLYfeRBqT2ygzmNqxtG8Fb+RAap8zILWsd5z9bI1gcQMAQqMelHQwR/ZwdJxVTSUpbKr04SdWVIKgHXbOkIDDf4eqpJJPndhQ0jPHUODXBcVeowoW0GDE0+HlAuZcY+CCMp/z86QMv6X9Btu84yVGPu+JFXvs9+c7GXm5OIFglIn9aLRL3n root@ubuntu-bionic
-----END SSH HOST KEY KEYS-----
[  145.269858] cloud-init[1360]: Cloud-init v. 20.2-45-g5f7825e2-0ubuntu1~18.04.1 running 'modules:final' at Tue, 30 Mar 2021 04:45:58 +0000. Up 144.18 seconds.
[  145.270301] cloud-init[1360]: ci-info: no authorized SSH keys fingerprints found for user ubuntu.
[  145.276515] cloud-init[1360]: Cloud-init v. 20.2-45-g5f7825e2-0ubuntu1~18.04.1 finished at Tue, 30 Mar 2021 04:45:59 +0000. Datasource DataSourceNoCloud [seed=/dev/sdb][dsmode=net].  Up 145.10 seconds
